<?xml version="1.0" encoding="UTF-8"?>
<!-- Generated by org.testng.reporters.JUnitReportReporter -->
<testsuite hostname="Dell-Falca-34ZLN12" failures="0" tests="1" name="Script.ToastMessage" time="5.689" errors="0" timestamp="2021-07-26T14:58:42 IST" skipped="0">
  <testcase classname="Script.ToastMessage" name="verifytoast" time="5.689"/>
  <system-out/>
</testsuite> <!-- Script.ToastMessage -->
